<?xml version="1.0" encoding="UTF-8"?>
<!-- Generated by org.testng.reporters.JUnitReportReporter -->
<testsuite hostname="DESKTOP-G0OK52U" failures="0" tests="1" name="hrmlLoginTest.HRMLLoginExample" time="3.873" errors="0" timestamp="2022-04-25T21:39:03 IST" skipped="0">
  <testcase classname="hrmlLoginTest.HRMLLoginExample" name="getadminusername" time="3.873"/>
  <system-out/>
</testsuite> <!-- hrmlLoginTest.HRMLLoginExample -->
