<?xml version="1.0" encoding="UTF-8"?>
<!-- Generated by org.testng.reporters.JUnitReportReporter -->
<testsuite hostname="DESKTOP-G0OK52U" failures="0" tests="1" name="draganddrop.Draganddroptest" time="2.605" errors="0" timestamp="2022-04-25T09:41:49 IST" skipped="0">
  <testcase classname="draganddrop.Draganddroptest" name="dragdroptest" time="2.605"/>
  <system-out/>
</testsuite> <!-- draganddrop.Draganddroptest -->
